<?xml version="1.0" encoding="UTF-8"?>
<!-- Generated by org.testng.reporters.JUnitXMLReporter -->
<testsuite hostname="LKNDSS4RHYYF2" ignored="0" name="Test" tests="2" failures="1" timestamp="01 Jun 2018 03:56:41 GMT" time="0.03" errors="0">
  <testcase name="navigateToPortal" time="0.005" classname="com.portal.CheckIsPortalUpTest">
    <failure type="java.lang.NullPointerException">
      <![CDATA[java.lang.NullPointerException
at com.portal.config.Initializing.getTestCasFilePath(Initializing.java:63)
at com.portal.CheckIsPortalUpTest.navigateToPortal(CheckIsPortalUpTest.java:37)
... Removed 29 stack frames]]>
    </failure>
  </testcase> <!-- navigateToPortal -->
  <testcase name="verifyLogin" time="0.0" classname="com.portal.CheckIsPortalUpTest">
    <skipped/>
  </testcase> <!-- verifyLogin -->
</testsuite> <!-- Test -->
