<?xml version="1.0" encoding="UTF-8"?>
<testsuite xmlns:xsi="http://www.w3.org/2001/XMLSchema-instance" xsi:noNamespaceSchemaLocation="https://maven.apache.org/surefire/maven-surefire-plugin/xsd/surefire-test-report.xsd" name="TestSuite" time="0.751" tests="2" errors="0" skipped="1" failures="1">
  <properties>
[...]
</properties>
  <testcase name="navigateToPortal" classname="com.portal.CheckIsPortalUpTest" time="0.011">
    <failure type="java.lang.NullPointerException">java.lang.NullPointerException
	at com.portal.CheckIsPortalUpTest.navigateToPortal(CheckIsPortalUpTest.java:37)
</failure>
  </testcase>
  <testcase name="verifyLogin" classname="com.portal.CheckIsPortalUpTest" time="0">
    <skipped message="Method CheckIsPortalUpTest.verifyLogin()[pri:0, instance:com.portal.CheckIsPortalUpTest@5bcea91b] depends on not successfully finished methods"/>
  </testcase>
</testsuite>