<?xml version="1.0" encoding="UTF-8"?>
<testng-results skipped="0" failed="0" ignored="0" total="2" passed="2">
  <reporter-output>
  </reporter-output>
  <suite name="Default suite" duration-ms="14074" started-at="2018-05-30T12:23:13Z" finished-at="2018-05-30T12:23:27Z">
    <groups>
      <group name="Regression">
        <method signature="CheckIsPortalUpTest.navigateToPortal()[pri:0, instance:com.portal.CheckIsPortalUpTest@4b53f538]" name="navigateToPortal" class="com.portal.CheckIsPortalUpTest"/>
        <method signature="CheckIsPortalUpTest.verifyLogin()[pri:0, instance:com.portal.CheckIsPortalUpTest@4b53f538]" name="verifyLogin" class="com.portal.CheckIsPortalUpTest"/>
      </group> <!-- Regression -->
      <group name="log-in">
        <method signature="CheckIsPortalUpTest.navigateToPortal()[pri:0, instance:com.portal.CheckIsPortalUpTest@4b53f538]" name="navigateToPortal" class="com.portal.CheckIsPortalUpTest"/>
        <method signature="CheckIsPortalUpTest.verifyLogin()[pri:0, instance:com.portal.CheckIsPortalUpTest@4b53f538]" name="verifyLogin" class="com.portal.CheckIsPortalUpTest"/>
      </group> <!-- log-in -->
    </groups>
    <test name="Default test" duration-ms="14074" started-at="2018-05-30T12:23:13Z" finished-at="2018-05-30T12:23:27Z">
      <class name="com.portal.CheckIsPortalUpTest">
        <test-method status="PASS" signature="initializeSetup()[pri:0, instance:com.portal.CheckIsPortalUpTest@4b53f538]" name="initializeSetup" is-config="true" duration-ms="22" started-at="2018-05-30T12:23:13Z" finished-at="2018-05-30T12:23:13Z">
          <reporter-output>
          </reporter-output>
        </test-method> <!-- initializeSetup -->
        <test-method status="PASS" signature="navigateToPortal()[pri:0, instance:com.portal.CheckIsPortalUpTest@4b53f538]" name="navigateToPortal" duration-ms="10247" started-at="2018-05-30T12:23:13Z" finished-at="2018-05-30T12:23:23Z">
          <reporter-output>
          </reporter-output>
        </test-method> <!-- navigateToPortal -->
        <test-method status="PASS" signature="verifyLogin()[pri:0, instance:com.portal.CheckIsPortalUpTest@4b53f538]" name="verifyLogin" duration-ms="3122" started-at="2018-05-30T12:23:23Z" depends-on-methods="com.portal.CheckIsPortalUpTest.navigateToPortal" finished-at="2018-05-30T12:23:27Z">
          <reporter-output>
          </reporter-output>
        </test-method> <!-- verifyLogin -->
        <test-method status="PASS" signature="afterTest()[pri:0, instance:com.portal.CheckIsPortalUpTest@4b53f538]" name="afterTest" is-config="true" duration-ms="647" started-at="2018-05-30T12:23:27Z" finished-at="2018-05-30T12:23:27Z">
          <reporter-output>
          </reporter-output>
        </test-method> <!-- afterTest -->
      </class> <!-- com.portal.CheckIsPortalUpTest -->
    </test> <!-- Default test -->
  </suite> <!-- Default suite -->
</testng-results>
